<?xml version="1.0" encoding="UTF-8"?>
<testsuite xmlns:xsi="http://www.w3.org/2001/XMLSchema-instance" xsi:noNamespaceSchemaLocation="https://maven.apache.org/surefire/maven-surefire-plugin/xsd/surefire-test-report-3.0.xsd" version="3.0" name="org.acme.travels.PersonProcessTest" time="7.0" tests="2" errors="0" skipped="0" failures="0">
  <properties>
[...]
</properties>
  <testcase name="testAdult" classname="org.acme.travels.PersonProcessTest" time="0.331">
    <system-out><![CDATA[2024-04-03 10:47:56,655 WARN  [io.qua.arc.dep.SplitPackageProcessor] (build-3) Detected a split package usage which is considered a bad practice and should be avoided. Following packages were detected in multiple archives: 
- "org.kie.kogito.decision" found in [org.kie.kogito:kogito-api::jar, org.kie.kogito:kogito-dmn::jar]
2024-04-03 10:47:56,674 INFO  [org.kie.kog.cod.api.uti.AddonsConfigDiscovery] (build-14) Performed addonsConfig discovery, found: AddonsConfig{usePersistence=false, useTracing=false, useMonitoring=false, usePrometheusMonitoring=false, useCloudEvents=false, useExplainability=false, useProcessSVG=false, useEventDrivenDecisions=false, useEventDrivenRules=false}
2024-04-03 10:47:56,787 INFO  [org.kie.kog.cod.cor.uti.ApplicationGeneratorDiscovery] (build-7) Generator discovery performed, found [processes, rules, decisions, predictions]
2024-04-03 10:47:56,788 INFO  [org.kie.kog.cod.cor.ApplicationGenerator] (build-7) Skipping generator 'decisions' because disabled
2024-04-03 10:47:56,788 INFO  [org.kie.kog.cod.cor.ApplicationGenerator] (build-7) Skipping generator 'predictions' because disabled
2024-04-03 10:47:59,676 INFO  [io.quarkus] (main) process-business-rules-quarkus 1.44.1.Final on JVM (powered by Quarkus 2.16.10.Final) started in 3.663s. Listening on: http://localhost:54308
2024-04-03 10:47:59,677 INFO  [io.quarkus] (main) Profile test activated. 
2024-04-03 10:47:59,677 INFO  [io.quarkus] (main) Installed features: [cdi, kogito-decisions, kogito-predictions, kogito-processes, kogito-rules, resteasy, resteasy-jackson, smallrye-context-propagation, smallrye-health, smallrye-openapi, swagger-ui, vertx]
2024-04-03 10:47:59,919 INFO  [org.kie.kog.qua.pro.dev.DevModeWorkflowLogger] (main) Starting workflow 'persons' (5d9be3cb-4358-4236-81ad-d0b667c0eae4)
2024-04-03 10:47:59,922 INFO  [org.kie.kog.qua.pro.dev.DevModeWorkflowLogger] (main) Variable 'person' value: 'Person [name=John Doe, age=20, adult=false]'
2024-04-03 10:47:59,923 INFO  [org.kie.kog.qua.pro.dev.DevModeWorkflowLogger] (main) Triggered node 'StartProcess' for process 'persons' (5d9be3cb-4358-4236-81ad-d0b667c0eae4)
2024-04-03 10:47:59,924 INFO  [org.kie.kog.qua.pro.dev.DevModeWorkflowLogger] (main) Triggered node 'Evaluate Person' for process 'persons' (5d9be3cb-4358-4236-81ad-d0b667c0eae4)
2024-04-03 10:47:59,929 INFO  [org.kie.kog.qua.pro.dev.DevModeWorkflowLogger] (main) Variable 'person' changed value from: 'Person [name=John Doe, age=20, adult=false]', to: 'Person [name=John Doe, age=20, adult=false]'
2024-04-03 10:48:00,006 INFO  [org.kie.kog.qua.pro.dev.DevModeWorkflowLogger] (main) Variable 'person' changed value from: 'Person [name=John Doe, age=20, adult=true]', to: 'Person [name=John Doe, age=20, adult=true]'
2024-04-03 10:48:00,008 INFO  [org.kie.kog.qua.pro.dev.DevModeWorkflowLogger] (main) Triggered node 'Exclusive Gateway 1' for process 'persons' (5d9be3cb-4358-4236-81ad-d0b667c0eae4)
2024-04-03 10:48:00,009 INFO  [org.kie.kog.qua.pro.dev.DevModeWorkflowLogger] (main) Triggered node 'End Event 2' for process 'persons' (5d9be3cb-4358-4236-81ad-d0b667c0eae4)
2024-04-03 10:48:00,009 INFO  [org.kie.kog.qua.pro.dev.DevModeWorkflowLogger] (main) Workflow 'persons' (5d9be3cb-4358-4236-81ad-d0b667c0eae4) completed
]]></system-out>
  </testcase>
  <testcase name="testChild" classname="org.acme.travels.PersonProcessTest" time="0.016">
    <system-out><![CDATA[2024-04-03 10:48:00,020 INFO  [org.kie.kog.qua.pro.dev.DevModeWorkflowLogger] (main) Starting workflow 'persons' (a764b4a2-6025-4610-b1db-c9b1e72e070b)
2024-04-03 10:48:00,021 INFO  [org.kie.kog.qua.pro.dev.DevModeWorkflowLogger] (main) Variable 'person' value: 'Person [name=Jenny Quark, age=14, adult=false]'
2024-04-03 10:48:00,021 INFO  [org.kie.kog.qua.pro.dev.DevModeWorkflowLogger] (main) Triggered node 'StartProcess' for process 'persons' (a764b4a2-6025-4610-b1db-c9b1e72e070b)
2024-04-03 10:48:00,021 INFO  [org.kie.kog.qua.pro.dev.DevModeWorkflowLogger] (main) Triggered node 'Evaluate Person' for process 'persons' (a764b4a2-6025-4610-b1db-c9b1e72e070b)
2024-04-03 10:48:00,021 INFO  [org.kie.kog.qua.pro.dev.DevModeWorkflowLogger] (main) Variable 'person' changed value from: 'Person [name=Jenny Quark, age=14, adult=false]', to: 'Person [name=Jenny Quark, age=14, adult=false]'
2024-04-03 10:48:00,021 INFO  [org.kie.kog.qua.pro.dev.DevModeWorkflowLogger] (main) Triggered node 'Exclusive Gateway 1' for process 'persons' (a764b4a2-6025-4610-b1db-c9b1e72e070b)
2024-04-03 10:48:00,023 INFO  [org.kie.kog.qua.pro.dev.DevModeWorkflowLogger] (main) Triggered node 'Special handling for children' for process 'persons' (a764b4a2-6025-4610-b1db-c9b1e72e070b)
2024-04-03 10:48:00,033 INFO  [org.kie.kog.qua.pro.dev.DevModeWorkflowLogger] (main) Workflow 'persons' (a764b4a2-6025-4610-b1db-c9b1e72e070b) was started, now 'Active'
2024-04-03 10:48:00,035 INFO  [org.kie.kog.qua.pro.dev.DevModeWorkflowLogger] (main) Triggered node 'End Event 1' for process 'persons' (a764b4a2-6025-4610-b1db-c9b1e72e070b)
2024-04-03 10:48:00,035 INFO  [org.kie.kog.qua.pro.dev.DevModeWorkflowLogger] (main) Workflow 'persons' (a764b4a2-6025-4610-b1db-c9b1e72e070b) completed
]]></system-out>
  </testcase>
</testsuite>